# JRE version: Java(TM) SE Runtime Environment (8.0_161-b12) (build 1.8.0_161-b12)
# Java VM: Java HotSpot(TM) Server VM (25.161-b12 mixed mode linux-x86 )
Heap:
 PSYoungGen      total 18432K, used 8813K [0x924c0000, 0x948c0000, 0xa6c00000)
  eden space 15872K, 55% used [0x924c0000,0x92d5b628,0x93440000)
  from space 2560K, 0% used [0x93440000,0x93440000,0x936c0000)
  to   space 2560K, 0% used [0x94640000,0x94640000,0x948c0000)
 ParOldGen       total 34560K, used 6254K [0x69600000, 0x6b7c0000, 0x924c0000)
  object space 34560K, 18% used [0x69600000,0x69c1b8d0,0x6b7c0000)
 Metaspace       used 16636K, capacity 17180K, committed 17280K, reserved 17712K
GC Heap History (8 events):
Event: 0,960 GC heap before
{Heap before GC invocations=1 (full 0):
 PSYoungGen      total 18432K, used 15872K [0x924c0000, 0x93940000, 0xa6c00000)
  eden space 15872K, 100% used [0x924c0000,0x93440000,0x93440000)
  from space 2560K, 0% used [0x936c0000,0x936c0000,0x93940000)
  to   space 2560K, 0% used [0x93440000,0x93440000,0x936c0000)
 ParOldGen       total 42496K, used 0K [0x69600000, 0x6bf80000, 0x924c0000)
  object space 42496K, 0% used [0x69600000,0x69600000,0x6bf80000)
 Metaspace       used 6304K, capacity 6633K, committed 6680K, reserved 7472K
Event: 0,965 GC heap after
Heap after GC invocations=1 (full 0):
 PSYoungGen      total 18432K, used 2548K [0x924c0000, 0x93940000, 0xa6c00000)
  eden space 15872K, 0% used [0x924c0000,0x924c0000,0x93440000)
  from space 2560K, 99% used [0x93440000,0x936bd280,0x936c0000)
  to   space 2560K, 0% used [0x936c0000,0x936c0000,0x93940000)
 ParOldGen       total 42496K, used 62K [0x69600000, 0x6bf80000, 0x924c0000)
  object space 42496K, 0% used [0x69600000,0x6960f818,0x6bf80000)
 Metaspace       used 6304K, capacity 6633K, committed 6680K, reserved 7472K
}
Event: 3,088 GC heap before
{Heap before GC invocations=2 (full 0):
 PSYoungGen      total 18432K, used 18420K [0x924c0000, 0x93940000, 0xa6c00000)
  eden space 15872K, 100% used [0x924c0000,0x93440000,0x93440000)
  from space 2560K, 99% used [0x93440000,0x936bd280,0x936c0000)
  to   space 2560K, 0% used [0x936c0000,0x936c0000,0x93940000)
 ParOldGen       total 42496K, used 62K [0x69600000, 0x6bf80000, 0x924c0000)
  object space 42496K, 0% used [0x69600000,0x6960f818,0x6bf80000)
 Metaspace       used 12911K, capacity 13389K, committed 13464K, reserved 13616K
Event: 3,096 GC heap after
Heap after GC invocations=2 (full 0):
 PSYoungGen      total 18432K, used 2546K [0x924c0000, 0x93940000, 0xa6c00000)
  eden space 15872K, 0% used [0x924c0000,0x924c0000,0x93440000)
  from space 2560K, 99% used [0x936c0000,0x9393cb30,0x93940000)
  to   space 2560K, 0% used [0x93440000,0x93440000,0x936c0000)
 ParOldGen       total 42496K, used 3253K [0x69600000, 0x6bf80000, 0x924c0000)
  object space 42496K, 7% used [0x69600000,0x6992d7d0,0x6bf80000)
 Metaspace       used 12911K, capacity 13389K, committed 13464K, reserved 13616K
}
Event: 3,383 GC heap before
{Heap before GC invocations=3 (full 0):
 PSYoungGen      total 18432K, used 4975K [0x924c0000, 0x93940000, 0xa6c00000)
  eden space 15872K, 15% used [0x924c0000,0x9271f448,0x93440000)
  from space 2560K, 99% used [0x936c0000,0x9393cb30,0x93940000)
  to   space 2560K, 0% used [0x93440000,0x93440000,0x936c0000)
 ParOldGen       total 42496K, used 3253K [0x69600000, 0x6bf80000, 0x924c0000)
  object space 42496K, 7% used [0x69600000,0x6992d7d0,0x6bf80000)
 Metaspace       used 15824K, capacity 16316K, committed 16384K, reserved 16688K
Event: 3,396 GC heap after
Heap after GC invocations=3 (full 0):
 PSYoungGen      total 18432K, used 2554K [0x924c0000, 0x948c0000, 0xa6c00000)
  eden space 15872K, 0% used [0x924c0000,0x924c0000,0x93440000)
  from space 2560K, 99% used [0x93440000,0x936be878,0x936c0000)
  to   space 2560K, 0% used [0x94640000,0x94640000,0x948c0000)
 ParOldGen       total 42496K, used 3888K [0x69600000, 0x6bf80000, 0x924c0000)
  object space 42496K, 9% used [0x69600000,0x699cc178,0x6bf80000)
 Metaspace       used 15824K, capacity 16316K, committed 16384K, reserved 16688K
}
Event: 3,396 GC heap before
{Heap before GC invocations=4 (full 1):
 PSYoungGen      total 18432K, used 2554K [0x924c0000, 0x948c0000, 0xa6c00000)
  eden space 15872K, 0% used [0x924c0000,0x924c0000,0x93440000)
  from space 2560K, 99% used [0x93440000,0x936be878,0x936c0000)
  to   space 2560K, 0% used [0x94640000,0x94640000,0x948c0000)
 ParOldGen       total 42496K, used 3888K [0x69600000, 0x6bf80000, 0x924c0000)
  object space 42496K, 9% used [0x69600000,0x699cc178,0x6bf80000)
 Metaspace       used 15824K, capacity 16316K, committed 16384K, reserved 16688K
Event: 3,461 GC heap after
Heap after GC invocations=4 (full 1):
 PSYoungGen      total 18432K, used 0K [0x924c0000, 0x948c0000, 0xa6c00000)
  eden space 15872K, 0% used [0x924c0000,0x924c0000,0x93440000)
  from space 2560K, 0% used [0x93440000,0x93440000,0x936c0000)
  to   space 2560K, 0% used [0x94640000,0x94640000,0x948c0000)
 ParOldGen       total 34560K, used 6254K [0x69600000, 0x6b7c0000, 0x924c0000)
  object space 34560K, 18% used [0x69600000,0x69c1b8d0,0x6b7c0000)
 Metaspace       used 15824K, capacity 16316K, committed 16384K, reserved 16688K
}

