# JRE version: Java(TM) SE Runtime Environment (8.0_161-b12) (build 1.8.0_161-b12)
# Java VM: Java HotSpot(TM) Server VM (25.161-b12 mixed mode linux-x86 )
Heap:
 PSYoungGen      total 18432K, used 3407K [0x926c0000, 0x94ac0000, 0xa6e00000)
  eden space 15872K, 21% used [0x926c0000,0x92a13f78,0x93640000)
  from space 2560K, 0% used [0x93640000,0x93640000,0x938c0000)
  to   space 2560K, 0% used [0x94840000,0x94840000,0x94ac0000)
 ParOldGen       total 32256K, used 6028K [0x69800000, 0x6b780000, 0x926c0000)
  object space 32256K, 18% used [0x69800000,0x69de3208,0x6b780000)
 Metaspace       used 16390K, capacity 16913K, committed 17024K, reserved 17712K
GC Heap History (8 events):
Event: 1,039 GC heap before
{Heap before GC invocations=1 (full 0):
 PSYoungGen      total 18432K, used 15872K [0x926c0000, 0x93b40000, 0xa6e00000)
  eden space 15872K, 100% used [0x926c0000,0x93640000,0x93640000)
  from space 2560K, 0% used [0x938c0000,0x938c0000,0x93b40000)
  to   space 2560K, 0% used [0x93640000,0x93640000,0x938c0000)
 ParOldGen       total 42496K, used 0K [0x69800000, 0x6c180000, 0x926c0000)
  object space 42496K, 0% used [0x69800000,0x69800000,0x6c180000)
 Metaspace       used 6337K, capacity 6671K, committed 6808K, reserved 7472K
Event: 1,044 GC heap after
Heap after GC invocations=1 (full 0):
 PSYoungGen      total 18432K, used 2553K [0x926c0000, 0x93b40000, 0xa6e00000)
  eden space 15872K, 0% used [0x926c0000,0x926c0000,0x93640000)
  from space 2560K, 99% used [0x93640000,0x938be798,0x938c0000)
  to   space 2560K, 0% used [0x938c0000,0x938c0000,0x93b40000)
 ParOldGen       total 42496K, used 29K [0x69800000, 0x6c180000, 0x926c0000)
  object space 42496K, 0% used [0x69800000,0x69807670,0x6c180000)
 Metaspace       used 6337K, capacity 6671K, committed 6808K, reserved 7472K
}
Event: 3,001 GC heap before
{Heap before GC invocations=2 (full 0):
 PSYoungGen      total 18432K, used 18425K [0x926c0000, 0x93b40000, 0xa6e00000)
  eden space 15872K, 100% used [0x926c0000,0x93640000,0x93640000)
  from space 2560K, 99% used [0x93640000,0x938be798,0x938c0000)
  to   space 2560K, 0% used [0x938c0000,0x938c0000,0x93b40000)
 ParOldGen       total 42496K, used 29K [0x69800000, 0x6c180000, 0x926c0000)
  object space 42496K, 0% used [0x69800000,0x69807670,0x6c180000)
 Metaspace       used 14008K, capacity 14495K, committed 14616K, reserved 14640K
Event: 3,010 GC heap after
Heap after GC invocations=2 (full 0):
 PSYoungGen      total 18432K, used 2554K [0x926c0000, 0x93b40000, 0xa6e00000)
  eden space 15872K, 0% used [0x926c0000,0x926c0000,0x93640000)
  from space 2560K, 99% used [0x938c0000,0x93b3eb20,0x93b40000)
  to   space 2560K, 0% used [0x93640000,0x93640000,0x938c0000)
 ParOldGen       total 42496K, used 3157K [0x69800000, 0x6c180000, 0x926c0000)
  object space 42496K, 7% used [0x69800000,0x69b154b0,0x6c180000)
 Metaspace       used 14008K, capacity 14495K, committed 14616K, reserved 14640K
}
Event: 3,244 GC heap before
{Heap before GC invocations=3 (full 0):
 PSYoungGen      total 18432K, used 4548K [0x926c0000, 0x93b40000, 0xa6e00000)
  eden space 15872K, 12% used [0x926c0000,0x928b27f0,0x93640000)
  from space 2560K, 99% used [0x938c0000,0x93b3eb20,0x93b40000)
  to   space 2560K, 0% used [0x93640000,0x93640000,0x938c0000)
 ParOldGen       total 42496K, used 3157K [0x69800000, 0x6c180000, 0x926c0000)
  object space 42496K, 7% used [0x69800000,0x69b154b0,0x6c180000)
 Metaspace       used 15829K, capacity 16322K, committed 16384K, reserved 16688K
Event: 3,263 GC heap after
Heap after GC invocations=3 (full 0):
 PSYoungGen      total 18432K, used 2545K [0x926c0000, 0x94ac0000, 0xa6e00000)
  eden space 15872K, 0% used [0x926c0000,0x926c0000,0x93640000)
  from space 2560K, 99% used [0x93640000,0x938bc738,0x938c0000)
  to   space 2560K, 0% used [0x94840000,0x94840000,0x94ac0000)
 ParOldGen       total 42496K, used 3648K [0x69800000, 0x6c180000, 0x926c0000)
  object space 42496K, 8% used [0x69800000,0x69b902a8,0x6c180000)
 Metaspace       used 15829K, capacity 16322K, committed 16384K, reserved 16688K
}
Event: 3,263 GC heap before
{Heap before GC invocations=4 (full 1):
 PSYoungGen      total 18432K, used 2545K [0x926c0000, 0x94ac0000, 0xa6e00000)
  eden space 15872K, 0% used [0x926c0000,0x926c0000,0x93640000)
  from space 2560K, 99% used [0x93640000,0x938bc738,0x938c0000)
  to   space 2560K, 0% used [0x94840000,0x94840000,0x94ac0000)
 ParOldGen       total 42496K, used 3648K [0x69800000, 0x6c180000, 0x926c0000)
  object space 42496K, 8% used [0x69800000,0x69b902a8,0x6c180000)
 Metaspace       used 15829K, capacity 16322K, committed 16384K, reserved 16688K
Event: 3,325 GC heap after
Heap after GC invocations=4 (full 1):
 PSYoungGen      total 18432K, used 0K [0x926c0000, 0x94ac0000, 0xa6e00000)
  eden space 15872K, 0% used [0x926c0000,0x926c0000,0x93640000)
  from space 2560K, 0% used [0x93640000,0x93640000,0x938c0000)
  to   space 2560K, 0% used [0x94840000,0x94840000,0x94ac0000)
 ParOldGen       total 32256K, used 6028K [0x69800000, 0x6b780000, 0x926c0000)
  object space 32256K, 18% used [0x69800000,0x69de3208,0x6b780000)
 Metaspace       used 15829K, capacity 16322K, committed 16384K, reserved 16688K
}

