# JRE version: Java(TM) SE Runtime Environment (8.0_161-b12) (build 1.8.0_161-b12)
# Java VM: Java HotSpot(TM) Server VM (25.161-b12 mixed mode linux-x86 )
Heap:
 PSYoungGen      total 18432K, used 9382K [0x924c0000, 0x948c0000, 0xa6c00000)
  eden space 15872K, 59% used [0x924c0000,0x92de98a0,0x93440000)
  from space 2560K, 0% used [0x93440000,0x93440000,0x936c0000)
  to   space 2560K, 0% used [0x94640000,0x94640000,0x948c0000)
 ParOldGen       total 34048K, used 6251K [0x69600000, 0x6b740000, 0x924c0000)
  object space 34048K, 18% used [0x69600000,0x69c1ad20,0x6b740000)
 Metaspace       used 16655K, capacity 17180K, committed 17280K, reserved 17712K
GC Heap History (8 events):
Event: 1,024 GC heap before
{Heap before GC invocations=1 (full 0):
 PSYoungGen      total 18432K, used 15872K [0x924c0000, 0x93940000, 0xa6c00000)
  eden space 15872K, 100% used [0x924c0000,0x93440000,0x93440000)
  from space 2560K, 0% used [0x936c0000,0x936c0000,0x93940000)
  to   space 2560K, 0% used [0x93440000,0x93440000,0x936c0000)
 ParOldGen       total 42496K, used 0K [0x69600000, 0x6bf80000, 0x924c0000)
  object space 42496K, 0% used [0x69600000,0x69600000,0x6bf80000)
 Metaspace       used 6314K, capacity 6633K, committed 6680K, reserved 7472K
Event: 1,030 GC heap after
Heap after GC invocations=1 (full 0):
 PSYoungGen      total 18432K, used 2545K [0x924c0000, 0x93940000, 0xa6c00000)
  eden space 15872K, 0% used [0x924c0000,0x924c0000,0x93440000)
  from space 2560K, 99% used [0x93440000,0x936bc428,0x936c0000)
  to   space 2560K, 0% used [0x936c0000,0x936c0000,0x93940000)
 ParOldGen       total 42496K, used 69K [0x69600000, 0x6bf80000, 0x924c0000)
  object space 42496K, 0% used [0x69600000,0x69611670,0x6bf80000)
 Metaspace       used 6314K, capacity 6633K, committed 6680K, reserved 7472K
}
Event: 3,498 GC heap before
{Heap before GC invocations=2 (full 0):
 PSYoungGen      total 18432K, used 18417K [0x924c0000, 0x93940000, 0xa6c00000)
  eden space 15872K, 100% used [0x924c0000,0x93440000,0x93440000)
  from space 2560K, 99% used [0x93440000,0x936bc428,0x936c0000)
  to   space 2560K, 0% used [0x936c0000,0x936c0000,0x93940000)
 ParOldGen       total 42496K, used 69K [0x69600000, 0x6bf80000, 0x924c0000)
  object space 42496K, 0% used [0x69600000,0x69611670,0x6bf80000)
 Metaspace       used 13081K, capacity 13583K, committed 13720K, reserved 14640K
Event: 3,508 GC heap after
Heap after GC invocations=2 (full 0):
 PSYoungGen      total 18432K, used 2548K [0x924c0000, 0x93940000, 0xa6c00000)
  eden space 15872K, 0% used [0x924c0000,0x924c0000,0x93440000)
  from space 2560K, 99% used [0x936c0000,0x9393d278,0x93940000)
  to   space 2560K, 0% used [0x93440000,0x93440000,0x936c0000)
 ParOldGen       total 42496K, used 3315K [0x69600000, 0x6bf80000, 0x924c0000)
  object space 42496K, 7% used [0x69600000,0x6993cf90,0x6bf80000)
 Metaspace       used 13081K, capacity 13583K, committed 13720K, reserved 14640K
}
Event: 3,807 GC heap before
{Heap before GC invocations=3 (full 0):
 PSYoungGen      total 18432K, used 4903K [0x924c0000, 0x93940000, 0xa6c00000)
  eden space 15872K, 14% used [0x924c0000,0x9270caf8,0x93440000)
  from space 2560K, 99% used [0x936c0000,0x9393d278,0x93940000)
  to   space 2560K, 0% used [0x93440000,0x93440000,0x936c0000)
 ParOldGen       total 42496K, used 3315K [0x69600000, 0x6bf80000, 0x924c0000)
  object space 42496K, 7% used [0x69600000,0x6993cf90,0x6bf80000)
 Metaspace       used 15799K, capacity 16316K, committed 16384K, reserved 16688K
Event: 3,824 GC heap after
Heap after GC invocations=3 (full 0):
 PSYoungGen      total 18432K, used 2161K [0x924c0000, 0x948c0000, 0xa6c00000)
  eden space 15872K, 0% used [0x924c0000,0x924c0000,0x93440000)
  from space 2560K, 84% used [0x93440000,0x9365c700,0x936c0000)
  to   space 2560K, 0% used [0x94640000,0x94640000,0x948c0000)
 ParOldGen       total 42496K, used 4343K [0x69600000, 0x6bf80000, 0x924c0000)
  object space 42496K, 10% used [0x69600000,0x69a3dfa0,0x6bf80000)
 Metaspace       used 15799K, capacity 16316K, committed 16384K, reserved 16688K
}
Event: 3,824 GC heap before
{Heap before GC invocations=4 (full 1):
 PSYoungGen      total 18432K, used 2161K [0x924c0000, 0x948c0000, 0xa6c00000)
  eden space 15872K, 0% used [0x924c0000,0x924c0000,0x93440000)
  from space 2560K, 84% used [0x93440000,0x9365c700,0x936c0000)
  to   space 2560K, 0% used [0x94640000,0x94640000,0x948c0000)
 ParOldGen       total 42496K, used 4343K [0x69600000, 0x6bf80000, 0x924c0000)
  object space 42496K, 10% used [0x69600000,0x69a3dfa0,0x6bf80000)
 Metaspace       used 15799K, capacity 16316K, committed 16384K, reserved 16688K
Event: 3,916 GC heap after
Heap after GC invocations=4 (full 1):
 PSYoungGen      total 18432K, used 0K [0x924c0000, 0x948c0000, 0xa6c00000)
  eden space 15872K, 0% used [0x924c0000,0x924c0000,0x93440000)
  from space 2560K, 0% used [0x93440000,0x93440000,0x936c0000)
  to   space 2560K, 0% used [0x94640000,0x94640000,0x948c0000)
 ParOldGen       total 34048K, used 6251K [0x69600000, 0x6b740000, 0x924c0000)
  object space 34048K, 18% used [0x69600000,0x69c1ad20,0x6b740000)
 Metaspace       used 15799K, capacity 16316K, committed 16384K, reserved 16688K
}

